<?xml version="1.0" encoding="UTF-8"?>
<!-- Generated by org.testng.reporters.JUnitReportReporter -->
<testsuite hostname="Tripuranjali" failures="0" tests="4" name="api.testcases.UserTestCase" time="6.746" errors="0" timestamp="2024-06-28T23:29:23 IST" skipped="0">
  <testcase classname="api.testcases.UserTestCase" name="testcreateuser" time="2.397"/>
  <testcase classname="api.testcases.UserTestCase" name="testgetuser" time="1.090"/>
  <testcase classname="api.testcases.UserTestCase" name="testupdateuser" time="2.148"/>
  <testcase classname="api.testcases.UserTestCase" name="testdeleteuser" time="1.111"/>
</testsuite> <!-- api.testcases.UserTestCase -->
